MCA: delete all remaining traces of microchannel bus support.
scripts/config: properly report and set string options
kbuild: all{no,yes,mod,def,rand}config only read files when instructed to.
kconfig: Add error handling to KCONFIG_ALLCONFIG
nconf: add u, d command keys in scroll windows
menuconfig: add u, d, q command keys in text boxes
scripts/config: fix double-quotes un-escaping
kconfig: allow long lines in config file
kconfig/nconf: fix compile with ncurses reentrant API
scripts/config: add option to undef a symbol
scripts/config: allow alternate prefix to config option symbol
scripts/config: add option to not upper-case symbols
kconfig: replace 'oldnoconfig' with 'olddefconfig', and keep the old name as an alias
menuconfig: Assign jump keys per-page instead of globally
menuconfig: Do not open code textbox scroll up/down
menuconfig: Add jump keys to search results
menuconfig: Extend dialog_textbox so that it can return to a scrolled position
menuconfig: Extend dialog_textbox so that it can exit on arbitrary keypresses
menuconfig: Remove superfluous conditionnal
kconfig: document oldnoconfig to what it really does in conf.c
kconfig/mconf.c: revision of curses initialization.
menuconfig: Replace CIRCLEQ by list_head-style lists.
scripts/config: Fix wrong "shift" for --keep-case
kbuild: Fix missing '\n' for NEW symbols in yes "" | make oldconfig >conf.new
kconfig: nconf: rewrite labels of function keys line
kconfig: nconf: rewrite help texts
kconfig: fix a compiliation error when using make xconfig
nconf: function keys line, change background color for better readability
menuconfig: Get rid of the top-level entries for "Load an Alternate/Save an Alternate"
menuconfig: Add Save/Load buttons
kconfig:lxdialog: remove duplicate code
menuconfig:inputbox: support navigate input position
kconfig: document use of CONFIG_ environment variable
merge_config.sh: Add option to specify output dir
Revert "kconfig-language: add to hints"
kconfig: Fix malloc handling in conf tools
kconfig: get CONFIG_ prefix from the environment
kconfig: add a function to get the CONFIG_ prefix
kconfig: remove CONFIG_ from string constants
menuconfig: fix NULL pointer dereference when searching a symbol
menuconfig: print more info for symbol without prompts
kconfig: fix lists definition for C++
Revert "kconfig: fix randomising choice entries in presence of KCONFIG_ALLCONFIG"
kconfig: implement KCONFIG_PROBABILITY for randconfig
kconfig: allow specifying the seed for randconfig
kconfig: fix randomising choice entries in presence of KCONFIG_ALLCONFIG
kconfig: do not override symbols already set
kconfig: fix randconfig tristate detection
menuconfig: Add "breadcrumbs" navigation aid
menuconfig: Fix memory leak introduced by jump keys feature
merge_config.sh: Avoid creating unnessary source softlinks
57a9c76 scripts/config: fix assignment of parameters for short version of --*-after options
063f466 mconf: handle keys in empty dialogs
e983b7b kconfig/menu.c: fix multiple references to expressions in menu_add_prop()
40b3136 Finally eradicate CONFIG_HOTPLUG
fbe98bb kconfig: Fix defconfig when one choice menu selects options that another choice menu depends on
851f665 kconfig/lxdialog: Add definitions for mininimum (re)size values
ff7b0c2 kconfig/lxdialog: Use new mininimum resize definitions in conf_choice()
1376391 kconfig/lxdialog: handle newline characters in print_autowrap()
4f2de3e mconf: use function calls instead of ncurses' variables LINES and COLS
e0b4260 nconf: use function calls instead of ncurses' variables LINES and COLS
1278ebd mconf/nconf: mark empty menus/menuconfigs different from non-empty ones
7387778 scripts/config: replace hard-coded script name by a dynamic value
e6abf12 kconfig/conf: fix randconfig setting multiple symbols in a choice
e85ac12 kconfig/conf: accept a base-16 seed for randconfig
a5f6d79 kconfig/conf: print the seed used to initialise the RNG for randconfig
193b40a kconfig: sort found symbols by relevance
a1ce636 kconfig/[mn]conf: make it explicit in the search box that a regexp is possible
3b9a19e kconfig: loop as long as we changed some symbols in randconfig
8357b48 kconfig: fix randomising choice entries in presence of KCONFIG_ALLCONFIG
490f161 Revert "kconfig: fix randomising choice entries in presence of KCONFIG_ALLCONFIG"
b57caaa kconfig: allow "hex" and "range" to support longs
9e554dd Documentation/kconfig: more concise and straightforward search explanation
26e933e kconfig: avoid multiple calls to strlen
f6eb6e4 kconfig/[mn]conf: shorten title in search-box
803b351 kconfig: minor style fixes in symbol-search code
1407f97 kconfig: don't allocate n+1 elements in temporary array
508382a kconfig: simplify symbol-search code
129784a kconfig: switch to "long long" for sanity
83e8b90 scripts/config: use sed's POSIX interface
04b19b7 kconfig: silence warning when parsing auto.conf when a symbol has changed type
6bf2e84 diffconfig: Gracefully exit if the default config files are not present
c8272fa diffconfig: Update script to support python versions 2.5 through 3.3
6902dcc kconfig: do not special-case 'MODULES' symbol
e062781 kconfig: do not allow more than one symbol to have 'option modules'
86eb781 scripts/config: fix variable substitution command
560909d Documentation/kbuild/kconfig.txt: 'make listnewconfig' replaces: yes "" | make oldconfig
31bfb10 kconfig: add short explanation to SYMBOL_WRITE
8d9dfe8 kconfig: fix trivial typos and update mconf documentation
57540f1d kconfig: adjust warning message for conflicting types
3381960 kconfig: remove unused definition from scanner
503c823 kconfig: fix bug in search results string: use strlen(gstr->s), not gstr->len
00d4f8f xconfig: Fix the filename for GUI settings
5d2acfc kconfig: make allnoconfig disable options behind EMBEDDED and EXPERT
7eb6e34 kbuild: trivial - remove trailing empty lines
bb66fc6 kbuild: trivial - use tabs for code indent where possible
c40724d kconfig: lxdialog: fix spelling
3943f42 Replace mentions of "list_struct" to "list_head"
2d56030 kconfig: Fix warning "‘jump’ may be used uninitialized"
e4e458b calloc/xcalloc: Fix argument order
09950bc merge_config.sh: Display usage if given too few arguments
b6a2ab2 kconfig: use va_end to match corresponding va_start
6cd176a vfs,ext2: remove CONFIG_EXT2_FS_XIP and rename CONFIG_FS_XIP to CONFIG_FS_DAX
4980bdf kconfig: fix a misspelling in scripts/kconfig/merge_config.sh
70529b1 kconfig: Get rid of the P() macro in headers
4631574 kconfig: Remove dead code
ad8d40c kconfig: Remove unnecessary prototypes from headers
b9fe99c kbuild: mergeconfig: move an error check to merge_config.sh
3a975b8 merge_config.sh: improve indentation
bc8f8f5 merge_config.sh: rename MAKE to RUNMAKE
0a1f00a kconfig: Do not print status messages in make -s mode
e911503 Kconfig: Remove bad inference rules expr_eliminate_dups2()
2e0d737 kconfig: don't silently ignore unhandled characters
31847b6 kconfig: allow use of relations other than (in)equality
35ffd08 kconfig: Delete unnecessary checks before the function call "sym_calc_value"
c226456 kconfig: warn of unhandled characters in Kconfig commands
78a6854 merge_config.sh: exit on missing input files
1c199f2 kbuild: document recursive dependency limitation / resolution
8328447 Remove support for QT3 and older.
b1f8a45 Port xconfig to Qt5 - Use QMainWindow, QToolBar
85eaf28 Port xconfig to Qt5 - Use QAction
bea0077 Port xconfig to Qt5 - Use QFileDialog
041fbdc Port xconfig to Qt5 - Use QList
924bbb5 Port xconfig to Qt5 - Use QTextBrowser
76bede8 Port xconfig to Qt5 - Use QMenu
1ce6735 Port xconfig to Qt5 - Remove unused #include <q3dragobject.h>
34d6320 Port xconfig to Qt5 - Replace Q3VBox with QWidget
29a7016 Port xconfig to Qt5 - Fix layout
92298b4 Port xconfig to Qt5 - Fix layout margin.
9c86235 Port xconfig to Qt5 - Update QAction checkable
780505e Port xconfig to Qt5 - Make single/split/full actions checkable.
7653866 Port xconfig to Qt5 - Remove custom ListView classes.
68ccb7e Port xconfig to Qt5 - Fix the code so it compiles with Qt5
9211993 Port xconfig to Qt5 - update signals
1019f1a Port xconfig to Qt5 - Introduce Qt4/5 version of ConfigList and ConfigItem
59e5644 Port xconfig to Qt5 - Put back some of the old implementation.
d5d973c Port xconfig to Qt5 - Put back some of the old implementation(part 2).
c14fa5e Port xconfig to Qt5 - Use correct signal names.
9bd36ed Port xconfig to Qt5 - Set ConfigView object name.
e484fe3 Port xconfig to Qt5 - Quick workaround to bypass app crash at startup.
a52cb32 Port xconfig to Qt5 - Tree widget set column titles.
86c0528 Port xconfig to Qt5 - Add ConfigItem::nextItem to initializer list.
dbf6293 Port xconfig to Qt5 - Add ConfigList::mode to initializer list.
5c6f155 Port xconfig to Qt5 - Remove ConfigList::updateMenuList template.
a5225e9 Port xconfig to Qt5 - Disable ConfigList soring
d960b98 Port xconfig to Qt5 - Change ConfigItem constructor parent type.
f999cc0 Port xconfig to Qt5 - Add horizontal scrollbar, and scroll per pixel.
b3c48f9 Port xconfig to Qt5 - Source format.
5c60014 Port xconfig to Qt5 - Remove some commented code.
e336b9f1 Port xconfig to Qt5 - Add(back) lineedit editing.
76d53cb Port xconfig to Qt5 - Add(back) one click checkbox toggle.
5df9da9 Port xconfig to Qt5 - on Back clicked, deselect old item.
ee7298f Port xconfig to Qt5 - Fix goParent issue.
b4ff1de Port xconfig to Qt5 - Update copyright.
ed94fea kconfig/merge_config.sh: Support KCONFIG_CONFIG
2163e7b kconfig/merge_config.sh: Accept a single file
f6aad26 kconfig: Fix copy&paste error
be596aa Add current selection check.
74dba80 kconfig: allow kconfig to handle longer path names
aab24a8 kconfig: return 'false' instead of 'no' in bool function
5b61c7b kconfig: fix qconf segfault by deleting heap objects
6b87b70 unbreak allmodconfig KCONFIG_ALLCONFIG=...
a466391 kconfig: add unexpected data itself to warning
3e2ba95 kconfig-language: fix comment on dependency-generated menu structures.
032a318 kconfig-language: elaborate on the type of a choice
fa64e5f kconfig/symbol.c: handle choice_values that depend on 'm' symbols
cfd7c612 kconfig-language: improve menuconfig usage description
237e3ad Kconfig: Introduce the "imply" keyword
0eb4734 Scripts: kconfig: nconf: fix _GNU_SOURCE redefined warning
79e51b5 kconfig/nconf: Fix hang when editing symbol with a long prompt
e039303 xconfig: fix 'Show Debug' functionality
83c3a1b xconfig: fix missing suboption and help panels on first run
9be3213 gconfig: remove misleading parentheses around a condition
a351e9b9fc Linux 4.11
ad8181060788 kconfig: fix sparse warnings in nconfig
6f7da29041 Linux 4.12
569dbb88e8 Linux 4.13
bb3290d91695 Remove gperf usage from toolchain
b24413180f56 License cleanup: add SPDX GPL-2.0 license identifier to files with no license
bebc6082da Linux 4.14
88127dae6ed9 kconfig/symbol.c: use correct pointer type argument for sizeof
d8a5b80568 Linux 4.15
2c37e08464a8 kconfig: Warn if choice default is not in choice
33ca1a248663 kconfig: Document the 'menu' struct
52aede4ba5ef kconfig: Document the 'symbol' struct
b7d4ec395673 Documentation/kbuild: Add guidance for the use of default
c873443430eb kconfig: Sync zconf.y with zconf.tab.c_shipped
9a826842ff2f kconfig: Rename menu_check_dep() to rewrite_m()
fa8cedaef814 kconfig: Clarify expression rewriting
f77850d3fe0c kconfig: Clean up modules handling and fix crash
e3b03bf29d6b kconfig: display recursive dependency resolution hint just once
9059a3493efe kconfig: fix relational operators for bool and tristate symbols
26e47a3c11a2 kconfig: Don't leak symbol names during parsing
24161a6711c9 kconfig: Don't leak 'source' filenames during parsing
bc28fe1d5ede kconfig: Don't leak 'option' arguments during parsing
0724a7c32a54 kconfig: Don't leak main menus during parsing
ae7440ef0c80 kconfig: Fix automatic menu creation mem leak
5b1374b3b3c2 kconfig: Fix expr_free() E_NOT leak
7cf33f88e294 kconfig: Fix choice symbol expression leak
05cccce58045 kconfig: Document automatic submenu creation code
0735f7e5def2 kconfig: Document important expression functions
df60f4b92d3d kconfig: Remove menu_end_entry()
b92d804a5179 kconfig: drop 'boolean' keyword
6479f327dea6 kconfig: Warn if there is more than one help text
52e58a3caeba kconfig: make input_mode static
5a3dc717b3c7 kconfig: make xfgets() really static
84dd95d4f87a kconfig: make conf_unsaved a local variable of conf_read()
765f4cdef6f8 kconfig: use default 'yy' prefix for lexer and parser
3e41ba05b6d6 kconfig: Document SYMBOL_OPTIONAL logic
d3465af60f44 kconfig: Clarify choice dependency propagation
9d1a9e8bc18b kconfig: Document 'if' flattening logic
b53688014e33 kconfig: Clarify menu and 'if' dependency propagation
1ccb27143360 kconfig: make "Selected by:" and "Implied by:" readable
cedd55d49dee kconfig: Remove silentoldconfig from help and docs; fix kconfig/conf's help
1b9eda2e4892 kconfig: Warn if help text is blank
cb67ab2cd2b8 kconfig: do not write choice values when their dependency becomes n
4f208f392103 kconfig: show '?' prompt even if no help text is available
d2a04648a5db kconfig: remove check_stdin()
f3ff6fb5db68 kconfig: echo stdin to stdout if either is redirected
9e3e10c72536 kconfig: send error messages to stderr
d717f24d8c68 kconfig: add xrealloc() helper
523ca58b7db2 kconfig: remove const qualifier from sym_expand_string_value()
cd81fc82b93f kconfig: add xstrdup() helper
f4bc1eefc160 kconfig: set SYMBOL_AUTO to the symbol marked with defconfig_list
bf0bbdcf1003 kconfig: Don't leak choice names during parsing
5ae6fcc4bb82 kconfig: fix line number in recursive inclusion error message
0adb32858b Linux 4.16
9a47ceec543b kconfig: clean-up reverse dependency help implementation
d9119b5925a0 kconfig: Print reverse dependencies in groups
f467c5640c29 kconfig: only write '# CONFIG_FOO is not set' for visible symbols
59a80b5e892d kconfig: do not call check_conf() for olddefconfig
4bb3a5b085cd kconfig: remove unneeded input_mode test in conf()
99f0b6578bab kconfig: remove redundant input_mode test for check_conf() loop
2aad9b896213 kconfig: hide irrelevant sub-menus for oldconfig
911a91c39cab kconfig: rename silentoldconfig to syncconfig
f622f8279581 kconfig: warn unmet direct dependency of tristate symbols selected by y
f8f69dc0b4e0 kconfig: make unmet dependency warnings readable
26561514cc9d kconfig: do not include both curses.h and ncurses.h for nconfig
32a94b8b0c3e kconfig: remove duplicated file name and lineno of recursive inclusion
379a8eb8eb1a kconfig: detect recursive inclusion earlier
18492685e479 kconfig: use yylineno option instead of manual lineno increments
17baab68d337 kconfig: extend output of 'listnewconfig'
29dcea8877 Linux 4.17
1c5af5cf9308 kconfig: refactor ncurses package checks for building mconf and nconf
694c49a7c01c kconfig: drop localization support
104daea149c4 kconfig: reference environment variables directly and remove 'option env='
bb222ceeb327 kconfig: remove string expansion in file_lookup()
96d8e48da55a kconfig: remove string expansion for mainmenu after yyparse()
5b31a9746756 kconfig: remove sym_expand_string_value()
137c0118a900 kconfig: make default prompt of mainmenu less specific
9de071536c87 kconfig: begin PARAM state only when seeing a command keyword
9ced3bddec08 kconfig: support user-defined function and recursively expanded variable
1175c02506ff kconfig: support simply expanded variable
ed2a22f277c6 kconfig: support append assignment operator
82bc8bd82e5c kconfig: expand lefthand side of assignment statement
2ae89c7a82ea kconfig: Avoid format overflow warning from GCC 8.1
8373b7d9d174 Documentation: kconfig: add recommended way to describe compiler support
050e9baa9dc9 Kbuild: rename CC_STACKPROTECTOR[_STRONG] config variables
b2d00d7c61c8 kconfig: fix line numbers for if-entries in menu tree
bdb60101df4a kconfig: document Kconfig source file comments
ecd53ac2f2c6 kconfig: handle P_SYMBOL in print_symbol()
452d4c867311 kconfig: update user kconfig tools doc.
94710cac0e Linux 4.18
693359f7ac90 kconfig: rename SYMBOL_AUTO to SYMBOL_NO_WRITE
5accd7f3360e kconfig: handle format string before calling conf_message_callback()
08b220b37ffe kconfig: fix typos in description of "choice" in kconfig-language.txt
a2ff4040151a kconfig: rename file_write_dep and move it to confdata.c
0608182ad542 kconfig: split out useful helpers in confdata.c
79123b1389cc kconfig: create directories needed for syncconfig by itself
16952b77d8b5 kconfig: make syncconfig update .config regardless of sym_change_count
00c864f8903d kconfig: allow all config targets to write auto.conf if missing
56869d45e364 kconfig: fix the rule of mainmenu_stmt symbol
c151272d1687 kconfig: remove unused sym_get_env_prop() function
1880861226c1 kconfig: remove P_ENV property type
f1575595d156 kconfig: error out when seeing recursive dependency
5e8c5299d315 kconfig: report recursive dependency involving 'imply'
f498926c47aa kconfig: improve the recursive dependency report
9a9ddcf47831 kconfig: suppress "configuration written to .config" for syncconfig
bc8d2e20a3eb kconfig: remove a spurious self-assignment
84df9525b0 Linux 4.19
04c459d20448 kconfig: remove oldnoconfig target
2cd3faf87d2d merge_config.sh: Allow to define config prefix
6bbe4385d035 kconfig: merge_config: avoid false positive matches from comment lines
8fe28cb58bcb Linux 4.20
a9b722847872 scripts/kconfig/merge_config: don't redefine 'y' to 'm'
75889e9be78f kconfig: remove unneeded setsym label in conf_read_simple()
0849d212e395 kconfig: rename conf_split_config() to conf_touch_deps()
1508fec82e39 kconfig: split out code touching a file to conf_touch_dep()
2aabbed6774f kconfig: remove S_OTHER symbol type and correct dependency tracking
0cbe3ac439bf kconfig: remove k_invalid from expr_parse_string() return type
77c1c0fa8b14 kconfig: fix file name and line number of warn_ignored_character()
fbac5977d81c kconfig: fix memory leak when EOF is encountered in quotation
413cd19d81fd kconfig: require T_EOL to reduce visible statement
be3c8075978a kconfig: remove unneeded pattern matching to whitespaces
21c5ecf60472 kconfig: refactor pattern matching in STRING state
cc66bca775ee kconfig: fix ambiguous grammar in terms of new lines
0bcc547ec4b0 kconfig: clean up EOF handling in the lexer
723679339d08 kconfig: warn no new line at end of file
6900ae9eeee3 kconfig: remove grammatically ambiguous "unexpected option" diagnostic
2f60e46e605a kconfig: remove grammatically ambiguous option_error
4891796c6f83 kconfig: remove redundant if_block rule
94d4e1b6021b kconfig: remove redundant menu_block rule
1f31be9ec0a9 kconfig: loosen the order of "visible" and "depends on" in menu entry
4b5ec81bfeda kconfig: rename depends_list to comment_option_list
a01e5d242d93 kconfig: remove redundant token defines
3c8f317d4cf1 kconfig: use distinct tokens for type and default properties
ce2164ab5831 kconfig: refactor scanning and parsing "option" properties
c3d228713b10 kconfig: use specific tokens instead of T_ASSIGN for assignments
171a515d0803 kconfig: use T_WORD instead of T_VARIABLE for variables
f5451582c4e2 kconfig: stop supporting '.' and '/' in unquoted words
caaebb3c6de3 kconfig: refactor end token rules
b3d1d9d3c362 kconfig: stop associating kconf_id with yylval
824fa3b3b5e3 kconfig: switch to ASSIGN_VAL state in the second lexer
4b31a32caf0a kconfig: update current_pos in the second lexer
979f2b2f7936 kconfig: remove keyword lookup table entirely
0c874100108f kconfig: convert to SPDX License Identifier
558e78e3ce84 kconfig: split some C files out of zconf.y
cbafbf7f551c kconfig: split the lexer out of zconf.y
9abe42371b44 kconfig: add static qualifiers to fix gconf warnings
3b541978562a kconfig: split images.c out of qconf.cc/gconf.c to fix gconf warnings
f222b7f43661 kconfig: surround dbg_sym_flags with #ifdef DEBUG to fix gconf warning
a5003571e627 kconfig: remove unused "file" field of yylval union
1c163f4c7b3f Linux 5.0
981e545a698a kconfig: rename zconf.l to lexer.l
769a1c022678 kconfig: rename zconf.y to parser.y
058507195b53 kbuild: move ".config not found!" message from Kconfig to Makefile
8741908b3e29 kconfig: fix 'Save As' menu of xconfig
9c38f1f04408 kconfig/[mn]conf: handle backspace (^H) key
e93c9c99a629 Linux 5.1
65be755a5411 kconfig: remove trailing whitespaces
ceb7f3296ea1 kconfig: do not accept a directory for configuration output
67424f61f813 kconfig: do not write .config if the content is the same
580c5b3e1b8b kconfig: make parent directories for the saved .config as needed
4cb726121e2c kconfig: remove useless NULL pointer check in conf_write_dep()
b9d1a8e9302e kconfig: use snprintf for formatting pathnames
9b9f5948afcd kconfig: make conf_get_autoconfig_name() static
aff11cd983ec kconfig: Terminate menu blocks with a comment in the generated config
0ecfebd2b524 Linux 5.2
b6f7e9f7050b kconfig: require the argument of --defconfig
5533397d1ec8 kconfig: add static qualifier to expand_string()
cd238effefa2 docs: kbuild: convert docs to ReST and rename to *.rst
baa23ec86092 kconfig: Fix spelling of sym_is_changable
e3cd5136a4ec kconfig: remove meaningless if-conditional in conf_read()
8e2442a5f86e kconfig: fix missing choice values in auto.conf
0c5b6c28ed68 kconfig: Clear "written" flag to avoid data loss
4d856f72c10e Linux 5.3
cdfca821571d merge_config.sh: Check error codes from make
60bef52c7a68 merge_config.sh: ignore unwanted grep errors
219d54332a09 Linux 5.4
521b29b6ff53 kconfig: split util.c out of parser.y
5d8b42aa7ccb kconfig: Add option to get the full help text with listnewconfig
272a72103012 kconfig: don't crash on NULL expressions in expr_eq()
8f268881d7d2 kconfig: remove ---help--- from documentation
d5226fa6dbae Linux 5.5
8b41fc4454e3 kbuild: create modules.builtin without Makefile.modbuiltin or tristate.conf
f64048a20b0c kconfig: remove the rootmenu check in menu_add_prop()
de026ca9152c kconfig: use parent->dep as the parentdep of 'menu'
801b27db4638 kconfig: drop T_WORD from the RHS of 'prompt' symbol
1be6e791383a kconfig: remove 'prompt' symbol
024352ff8d69 kconfig: move prompt handling to menu_add_prompt() from menu_add_prop()
2ffeef615b5e kconfig: remove 'prompt' argument from menu_add_prop()
6397d96ba5a5 kconfig: remove sym from struct property
adf7c5bd0674 kconfig: squash prop_alloc() into menu_add_prop()
89b9060987d9 kconfig: Add yes2modconfig and mod2yesconfig targets.
edda15f21974 kconfig: list all definitions of a symbol in help text
3460d0bc256a kconfig: distinguish between dependencies and visibility in help text
a9609686042b kconfig: fix nesting of symbol help text
ba82f52e2287 kconfig: fix an "implicit declaration of function" warning
2b5072b9dfab kconfig: fix documentation typos
c8fb7d7e48d1 kconfig: fix broken dependency in randconfig-generated .config
089b7d890f97 kconfig: Invalidate all symbols after changing to y or m.
7111951b8d49 Linux 5.6
